<?xml version="1.0" encoding="UTF-8"?>
<testsuite xmlns:xsi="http://www.w3.org/2001/XMLSchema-instance" xsi:noNamespaceSchemaLocation="https://maven.apache.org/surefire/maven-surefire-plugin/xsd/surefire-test-report-3.0.xsd" version="3.0" name="com.RunnerClass.TestRunner" time="18.063" tests="71" errors="0" skipped="0" failures="0">
  <properties>
[...]
</properties>
  <testcase name="Given User should launch the adactin application" classname="| Sydney | Hotel Creek | Standard | 1 | 05/06/2019 | 03/06/2019 |" time="0.002"/>
  <testcase name="Then User should Validate the login page" classname="| Sydney | Hotel Creek | Standard | 1 | 05/06/2019 | 03/06/2019 |" time="0"/>
  <testcase name="Then User enter the username &quot;&lt;username&gt;&quot; and password &quot;&lt;password&gt;&quot;" classname="| Sydney | Hotel Creek | Standard | 1 | 05/06/2019 | 03/06/2019 |" time="0"/>
  <testcase name="Then User enter the login button" classname="| Sydney | Hotel Creek | Standard | 1 | 05/06/2019 | 03/06/2019 |" time="0"/>
  <testcase name="Then User verify that correct username is displayed on the login page" classname="| Sydney | Hotel Creek | Standard | 1 | 05/06/2019 | 03/06/2019 |" time="0"/>
  <testcase name="Then User should location as in test data &quot;Sydney&quot;" classname="| Sydney | Hotel Creek | Standard | 1 | 05/06/2019 | 03/06/2019 |" time="0"/>
  <testcase name="And User should hotel as in test data &quot;Hotel Creek&quot;" classname="| Sydney | Hotel Creek | Standard | 1 | 05/06/2019 | 03/06/2019 |" time="0"/>
  <testcase name="And User should room type as in test data &quot;Standard&quot;" classname="| Sydney | Hotel Creek | Standard | 1 | 05/06/2019 | 03/06/2019 |" time="0"/>
  <testcase name="And User should no-of-rooms as in test data &quot;1&quot;" classname="| Sydney | Hotel Creek | Standard | 1 | 05/06/2019 | 03/06/2019 |" time="0"/>
  <testcase name="And User Enter check-in-date as in test data &quot;05/06/2019&quot;" classname="| Sydney | Hotel Creek | Standard | 1 | 05/06/2019 | 03/06/2019 |" time="0"/>
  <testcase name="And User Enter check-out-date as in test data &quot;03/06/2019&quot;" classname="| Sydney | Hotel Creek | Standard | 1 | 05/06/2019 | 03/06/2019 |" time="0"/>
  <testcase name="Then User Verify that system gives an error message for check in date" classname="| Sydney | Hotel Creek | Standard | 1 | 05/06/2019 | 03/06/2019 |" time="0"/>
  <testcase name="Then User Verify that system gives an error message for check out date" classname="| Sydney | Hotel Creek | Standard | 1 | 05/06/2019 | 03/06/2019 |" time="0"/>
  <testcase name="Then User click the search button" classname="| Sydney | Hotel Creek | Standard | 1 | 05/06/2019 | 03/06/2019 |" time="0"/>
  <testcase name="| Sydney | Hotel Creek | Standard | 1 | 05/06/2019 | 03/06/2019 |" classname="| Sydney | Hotel Creek | Standard | 1 | 05/06/2019 | 03/06/2019 |" time="0.001"/>
  <testcase name="Given User should launch the adactin application" classname="| Sydney | Hotel Creek | Standard | 1 | 26/05/2019 | 23/05/2019 |" time="0"/>
  <testcase name="Then User should Validate the login page" classname="| Sydney | Hotel Creek | Standard | 1 | 26/05/2019 | 23/05/2019 |" time="0"/>
  <testcase name="Then User enter the username &quot;&lt;username&gt;&quot; and password &quot;&lt;password&gt;&quot;" classname="| Sydney | Hotel Creek | Standard | 1 | 26/05/2019 | 23/05/2019 |" time="0"/>
  <testcase name="Then User enter the login button" classname="| Sydney | Hotel Creek | Standard | 1 | 26/05/2019 | 23/05/2019 |" time="0"/>
  <testcase name="Then User verify that correct username is displayed on the login page" classname="| Sydney | Hotel Creek | Standard | 1 | 26/05/2019 | 23/05/2019 |" time="0"/>
  <testcase name="Then User should location as in test data &quot;Sydney&quot;" classname="| Sydney | Hotel Creek | Standard | 1 | 26/05/2019 | 23/05/2019 |" time="0"/>
  <testcase name="And User should hotel as in test data &quot;Hotel Creek&quot;" classname="| Sydney | Hotel Creek | Standard | 1 | 26/05/2019 | 23/05/2019 |" time="0"/>
  <testcase name="And User should room type as in test data &quot;Standard&quot;" classname="| Sydney | Hotel Creek | Standard | 1 | 26/05/2019 | 23/05/2019 |" time="0"/>
  <testcase name="And User should no-of-rooms as in test data &quot;1&quot;" classname="| Sydney | Hotel Creek | Standard | 1 | 26/05/2019 | 23/05/2019 |" time="0"/>
  <testcase name="And User Enter check-in-date as in test data - before &quot;26/05/2019&quot;" classname="| Sydney | Hotel Creek | Standard | 1 | 26/05/2019 | 23/05/2019 |" time="0"/>
  <testcase name="And User Enter check-out-date as in test data - before &quot;23/05/2019&quot;" classname="| Sydney | Hotel Creek | Standard | 1 | 26/05/2019 | 23/05/2019 |" time="0"/>
  <testcase name="Then User click the search button" classname="| Sydney | Hotel Creek | Standard | 1 | 26/05/2019 | 23/05/2019 |" time="0"/>
  <testcase name="| Sydney | Hotel Creek | Standard | 1 | 26/05/2019 | 23/05/2019 |" classname="| Sydney | Hotel Creek | Standard | 1 | 26/05/2019 | 23/05/2019 |" time="0.001"/>
  <testcase name="Given User should launch the adactin application" classname="| Sydney | Hotel Creek | Standard | 1 | 01/06/2019 | 02/06/2019 | 1 | 1 |" time="0"/>
  <testcase name="Given User should launch the adactin application" classname="| Sydney | Hotel Creek | Standard | 1 | 01/06/2019 | 02/06/2019 | 1 | 1 |" time="0"/>
  <testcase name="Given User should launch the adactin application" classname="| Sydney | Hotel Creek | Standard | 1 | 01/06/2019 | 02/06/2019 | 1 | 1 |" time="0"/>
  <testcase name="Then User should Validate the login page" classname="| Sydney | Hotel Creek | Standard | 1 | 01/06/2019 | 02/06/2019 | 1 | 1 |" time="0"/>
  <testcase name="Then User should Validate the login page" classname="| Sydney | Hotel Creek | Standard | 1 | 01/06/2019 | 02/06/2019 | 1 | 1 |" time="0"/>
  <testcase name="Then User should Validate the login page" classname="| Sydney | Hotel Creek | Standard | 1 | 01/06/2019 | 02/06/2019 | 1 | 1 |" time="0"/>
  <testcase name="Then User enter the username &quot;&lt;username&gt;&quot; and password &quot;&lt;password&gt;&quot;" classname="| Sydney | Hotel Creek | Standard | 1 | 01/06/2019 | 02/06/2019 | 1 | 1 |" time="0"/>
  <testcase name="Then User enter the username &quot;&lt;username&gt;&quot; and password &quot;&lt;password&gt;&quot;" classname="| Sydney | Hotel Creek | Standard | 1 | 01/06/2019 | 02/06/2019 | 1 | 1 |" time="0"/>
  <testcase name="Then User enter the username &quot;&lt;username&gt;&quot; and password &quot;&lt;password&gt;&quot;" classname="| Sydney | Hotel Creek | Standard | 1 | 01/06/2019 | 02/06/2019 | 1 | 1 |" time="0"/>
  <testcase name="Then User enter the login button" classname="| Sydney | Hotel Creek | Standard | 1 | 01/06/2019 | 02/06/2019 | 1 | 1 |" time="0"/>
  <testcase name="Then User enter the login button" classname="| Sydney | Hotel Creek | Standard | 1 | 01/06/2019 | 02/06/2019 | 1 | 1 |" time="0"/>
  <testcase name="Then User enter the login button" classname="| Sydney | Hotel Creek | Standard | 1 | 01/06/2019 | 02/06/2019 | 1 | 1 |" time="0"/>
  <testcase name="Then User verify that correct username is displayed on the login page" classname="| Sydney | Hotel Creek | Standard | 1 | 01/06/2019 | 02/06/2019 | 1 | 1 |" time="0"/>
  <testcase name="Then User verify that correct username is displayed on the login page" classname="| Sydney | Hotel Creek | Standard | 1 | 01/06/2019 | 02/06/2019 | 1 | 1 |" time="0"/>
  <testcase name="Then User verify that correct username is displayed on the login page" classname="| Sydney | Hotel Creek | Standard | 1 | 01/06/2019 | 02/06/2019 | 1 | 1 |" time="0"/>
  <testcase name="Then User should location as in test data &quot;Sydney&quot;" classname="| Sydney | Hotel Creek | Standard | 1 | 01/06/2019 | 02/06/2019 | 1 | 1 |" time="0"/>
  <testcase name="Then User should location as in test data &quot;Sydney&quot;" classname="| Sydney | Hotel Creek | Standard | 1 | 01/06/2019 | 02/06/2019 | 1 | 1 |" time="0"/>
  <testcase name="Then User should location as in test data &quot;Sydney&quot;" classname="| Sydney | Hotel Creek | Standard | 1 | 01/06/2019 | 02/06/2019 | 1 | 1 |" time="0"/>
  <testcase name="And User should hotel as in test data &quot;Hotel Creek&quot;" classname="| Sydney | Hotel Creek | Standard | 1 | 01/06/2019 | 02/06/2019 | 1 | 1 |" time="0"/>
  <testcase name="And User should hotel as in test data &quot;Hotel Creek&quot;" classname="| Sydney | Hotel Creek | Standard | 1 | 01/06/2019 | 02/06/2019 | 1 | 1 |" time="0"/>
  <testcase name="And User should hotel as in test data &quot;Hotel Creek&quot;" classname="| Sydney | Hotel Creek | Standard | 1 | 01/06/2019 | 02/06/2019 | 1 | 1 |" time="0"/>
  <testcase name="And User should room type as in test data &quot;Standard&quot;" classname="| Sydney | Hotel Creek | Standard | 1 | 01/06/2019 | 02/06/2019 | 1 | 1 |" time="0"/>
  <testcase name="And User should room type as in test data &quot;Standard&quot;" classname="| Sydney | Hotel Creek | Standard | 1 | 01/06/2019 | 02/06/2019 | 1 | 1 |" time="0"/>
  <testcase name="And User should room type as in test data &quot;Standard&quot;" classname="| Sydney | Hotel Creek | Standard | 1 | 01/06/2019 | 02/06/2019 | 1 | 1 |" time="0"/>
  <testcase name="And User should no-of-rooms as in test data &quot;1&quot;" classname="| Sydney | Hotel Creek | Standard | 1 | 01/06/2019 | 02/06/2019 | 1 | 1 |" time="0"/>
  <testcase name="And User should no-of-rooms as in test data &quot;1&quot;" classname="| Sydney | Hotel Creek | Standard | 1 | 01/06/2019 | 02/06/2019 | 1 | 1 |" time="0"/>
  <testcase name="And User should no-of-rooms as in test data &quot;1&quot;" classname="| Sydney | Hotel Creek | Standard | 1 | 01/06/2019 | 02/06/2019 | 1 | 1 |" time="0"/>
  <testcase name="And User should enter the today date &quot;01/06/2019&quot;" classname="| Sydney | Hotel Creek | Standard | 1 | 01/06/2019 | 02/06/2019 | 1 | 1 |" time="0"/>
  <testcase name="And User should enter the today date &quot;01/06/2019&quot;" classname="| Sydney | Hotel Creek | Standard | 1 | 01/06/2019 | 02/06/2019 | 1 | 1 |" time="0"/>
  <testcase name="And User should enter the today date &quot;01/06/2019&quot;" classname="| Sydney | Hotel Creek | Standard | 1 | 01/06/2019 | 02/06/2019 | 1 | 1 |" time="0"/>
  <testcase name="And User should enter the tomorrow date &quot;02/06/2019&quot;" classname="| Sydney | Hotel Creek | Standard | 1 | 01/06/2019 | 02/06/2019 | 1 | 1 |" time="0"/>
  <testcase name="And User should enter the tomorrow date &quot;02/06/2019&quot;" classname="| Sydney | Hotel Creek | Standard | 1 | 01/06/2019 | 02/06/2019 | 1 | 1 |" time="0"/>
  <testcase name="And User should enter the tomorrow date &quot;02/06/2019&quot;" classname="| Sydney | Hotel Creek | Standard | 1 | 01/06/2019 | 02/06/2019 | 1 | 1 |" time="0"/>
  <testcase name="Then User should enter the no of Adults &quot;1&quot; and number of childrens &quot;1&quot;" classname="| Sydney | Hotel Creek | Standard | 1 | 01/06/2019 | 02/06/2019 | 1 | 1 |" time="0"/>
  <testcase name="Then User should enter the no of Adults &quot;1&quot; and number of childrens &quot;1&quot;" classname="| Sydney | Hotel Creek | Standard | 1 | 01/06/2019 | 02/06/2019 | 1 | 1 |" time="0.001"/>
  <testcase name="Then User should enter the no of Adults &quot;1&quot; and number of childrens &quot;1&quot;" classname="| Sydney | Hotel Creek | Standard | 1 | 01/06/2019 | 02/06/2019 | 1 | 1 |" time="0"/>
  <testcase name="Then User click the search button" classname="| Sydney | Hotel Creek | Standard | 1 | 01/06/2019 | 02/06/2019 | 1 | 1 |" time="0"/>
  <testcase name="Then User click the search button" classname="| Sydney | Hotel Creek | Standard | 1 | 01/06/2019 | 02/06/2019 | 1 | 1 |" time="0"/>
  <testcase name="Then User click the search button" classname="| Sydney | Hotel Creek | Standard | 1 | 01/06/2019 | 02/06/2019 | 1 | 1 |" time="0"/>
  <testcase name="| Sydney | Hotel Creek | Standard | 1 | 01/06/2019 | 02/06/2019 | 1 | 1 |" classname="| Sydney | Hotel Creek | Standard | 1 | 01/06/2019 | 02/06/2019 | 1 | 1 |" time="0.001"/>
  <testcase name="| Sydney | Hotel Creek | Standard | 1 | 01/06/2019 | 02/06/2019 | 1 | 1 |" classname="| Sydney | Hotel Creek | Standard | 1 | 01/06/2019 | 02/06/2019 | 1 | 1 |" time="0.003"/>
  <testcase name="| Sydney | Hotel Creek | Standard | 1 | 01/06/2019 | 02/06/2019 | 1 | 1 |" classname="| Sydney | Hotel Creek | Standard | 1 | 01/06/2019 | 02/06/2019 | 1 | 1 |" time="0.001"/>
  <testcase name="Then verify that room enters in search page should be match with next page" classname="| Sydney | Hotel Creek | Standard | 1 | 01/06/2019 | 02/06/2019 | 1 | 1 |" time="0"/>
</testsuite>